<?xml version="1.0" encoding="UTF-8"?>
<coverage generated="1703690095418" clover="3.2.0">
  <project timestamp="1703690095418" name="All files">
    <metrics statements="35" coveredstatements="30" conditionals="4" coveredconditionals="2" methods="12" coveredmethods="6" elements="51" coveredelements="38" complexity="0" loc="35" ncloc="35" packages="2" files="7" classes="7"/>
    <package name="components">
      <metrics statements="17" coveredstatements="15" conditionals="4" coveredconditionals="2" methods="8" coveredmethods="6"/>
      <file name="ContactUs.js" path="D:\Projects\namaste-react\13_Lets_Test_Our_App\Code\src\components\ContactUs.js">
        <metrics statements="2" coveredstatements="2" conditionals="0" coveredconditionals="0" methods="1" coveredmethods="1"/>
        <line num="1" count="1" type="stmt"/>
        <line num="3" count="2" type="stmt"/>
      </file>
      <file name="Header.js" path="D:\Projects\namaste-react\13_Lets_Test_Our_App\Code\src\components\Header.js">
        <metrics statements="5" coveredstatements="5" conditionals="4" coveredconditionals="2" methods="3" coveredmethods="3"/>
        <line num="5" count="1" type="stmt"/>
        <line num="6" count="3" type="stmt"/>
        <line num="7" count="5" type="stmt"/>
        <line num="8" count="3" type="stmt"/>
        <line num="36" count="1" type="cond" truecount="1" falsecount="1"/>
      </file>
      <file name="RestaurantCard.js" path="D:\Projects\namaste-react\13_Lets_Test_Our_App\Code\src\components\RestaurantCard.js">
        <metrics statements="8" coveredstatements="6" conditionals="0" coveredconditionals="0" methods="3" coveredmethods="1"/>
        <line num="2" count="1" type="stmt"/>
        <line num="3" count="2" type="stmt"/>
        <line num="5" count="2" type="stmt"/>
        <line num="6" count="1" type="stmt"/>
        <line num="8" count="1" type="stmt"/>
        <line num="64" count="1" type="stmt"/>
        <line num="65" count="0" type="stmt"/>
        <line num="66" count="0" type="stmt"/>
      </file>
      <file name="sum.js" path="D:\Projects\namaste-react\13_Lets_Test_Our_App\Code\src\components\sum.js">
        <metrics statements="2" coveredstatements="2" conditionals="0" coveredconditionals="0" methods="1" coveredmethods="1"/>
        <line num="1" count="1" type="stmt"/>
        <line num="2" count="1" type="stmt"/>
      </file>
    </package>
    <package name="utils">
      <metrics statements="18" coveredstatements="15" conditionals="0" coveredconditionals="0" methods="4" coveredmethods="0"/>
      <file name="appStore.js" path="D:\Projects\namaste-react\13_Lets_Test_Our_App\Code\src\utils\appStore.js">
        <metrics statements="1" coveredstatements="1" conditionals="0" coveredconditionals="0" methods="0" coveredmethods="0"/>
        <line num="4" count="1" type="stmt"/>
      </file>
      <file name="cartSlice.js" path="D:\Projects\namaste-react\13_Lets_Test_Our_App\Code\src\utils\cartSlice.js">
        <metrics statements="6" coveredstatements="3" conditionals="0" coveredconditionals="0" methods="4" coveredmethods="0"/>
        <line num="2" count="1" type="stmt"/>
        <line num="4" count="1" type="stmt"/>
        <line num="11" count="0" type="stmt"/>
        <line num="14" count="0" type="stmt"/>
        <line num="20" count="0" type="stmt"/>
        <line num="24" count="1" type="stmt"/>
      </file>
      <file name="constants.js" path="D:\Projects\namaste-react\13_Lets_Test_Our_App\Code\src\utils\constants.js">
        <metrics statements="11" coveredstatements="11" conditionals="0" coveredconditionals="0" methods="0" coveredmethods="0"/>
        <line num="1" count="2" type="stmt"/>
        <line num="3" count="2" type="stmt"/>
        <line num="4" count="2" type="stmt"/>
        <line num="5" count="2" type="stmt"/>
        <line num="6" count="2" type="stmt"/>
        <line num="7" count="2" type="stmt"/>
        <line num="8" count="2" type="stmt"/>
        <line num="9" count="2" type="stmt"/>
        <line num="10" count="2" type="stmt"/>
        <line num="11" count="2" type="stmt"/>
        <line num="12" count="2" type="stmt"/>
      </file>
    </package>
  </project>
</coverage>
