{"D:\\Projects\\namaste-react\\13_Lets_Test_Our_App\\Code\\src\\components\\ContactUs.js": {"path":"D:\\Projects\\namaste-react\\13_Lets_Test_Our_App\\Code\\src\\components\\ContactUs.js","statementMap":{"0":{"start":{"line":1,"column":18},"end":{"line":15,"column":1}},"1":{"start":{"line":3,"column":2},"end":{"line":14,"column":4}}},"fnMap":{"0":{"name":"(anonymous_0)","decl":{"start":{"line":1,"column":18},"end":{"line":1,"column":19}},"loc":{"start":{"line":1,"column":24},"end":{"line":15,"column":1}},"line":1}},"branchMap":{},"s":{"0":1,"1":2},"f":{"0":2},"b":{},"_coverageSchema":"1a1c01bbd47fc00a2c39e90264f33305004495a9","hash":"ac8494800ed75f24a33607b9868212125ac18410"}
,"D:\\Projects\\namaste-react\\13_Lets_Test_Our_App\\Code\\src\\components\\Header.js": {"path":"D:\\Projects\\namaste-react\\13_Lets_Test_Our_App\\Code\\src\\components\\Header.js","statementMap":{"0":{"start":{"line":5,"column":15},"end":{"line":48,"column":1}},"1":{"start":{"line":6,"column":42},"end":{"line":6,"column":60}},"2":{"start":{"line":7,"column":20},"end":{"line":7,"column":60}},"3":{"start":{"line":7,"column":43},"end":{"line":7,"column":59}},"4":{"start":{"line":8,"column":2},"end":{"line":47,"column":4}},"5":{"start":{"line":36,"column":16},"end":{"line":38,"column":46}}},"fnMap":{"0":{"name":"(anonymous_0)","decl":{"start":{"line":5,"column":15},"end":{"line":5,"column":16}},"loc":{"start":{"line":5,"column":21},"end":{"line":48,"column":1}},"line":5},"1":{"name":"(anonymous_1)","decl":{"start":{"line":7,"column":32},"end":{"line":7,"column":33}},"loc":{"start":{"line":7,"column":43},"end":{"line":7,"column":59}},"line":7},"2":{"name":"(anonymous_2)","decl":{"start":{"line":34,"column":23},"end":{"line":34,"column":24}},"loc":{"start":{"line":34,"column":29},"end":{"line":39,"column":15}},"line":34}},"branchMap":{"0":{"loc":{"start":{"line":26,"column":20},"end":{"line":26,"column":52}},"type":"cond-expr","locations":[{"start":{"line":26,"column":32},"end":{"line":26,"column":48}},{"start":{"line":26,"column":51},"end":{"line":26,"column":52}}],"line":26},"1":{"loc":{"start":{"line":36,"column":16},"end":{"line":38,"column":45}},"type":"cond-expr","locations":[{"start":{"line":37,"column":20},"end":{"line":37,"column":44}},{"start":{"line":38,"column":20},"end":{"line":38,"column":45}}],"line":36}},"s":{"0":1,"1":3,"2":3,"3":5,"4":3,"5":1},"f":{"0":3,"1":5,"2":1},"b":{"0":[3,0],"1":[1,0]},"_coverageSchema":"1a1c01bbd47fc00a2c39e90264f33305004495a9","hash":"cc15eca5d025aaac01e9d254adec70816803b210"}
,"D:\\Projects\\namaste-react\\13_Lets_Test_Our_App\\Code\\src\\components\\sum.js": {"path":"D:\\Projects\\namaste-react\\13_Lets_Test_Our_App\\Code\\src\\components\\sum.js","statementMap":{"0":{"start":{"line":1,"column":12},"end":{"line":3,"column":1}},"1":{"start":{"line":2,"column":4},"end":{"line":2,"column":15}}},"fnMap":{"0":{"name":"(anonymous_0)","decl":{"start":{"line":1,"column":12},"end":{"line":1,"column":13}},"loc":{"start":{"line":1,"column":19},"end":{"line":3,"column":1}},"line":1}},"branchMap":{},"s":{"0":1,"1":1},"f":{"0":1},"b":{},"_coverageSchema":"1a1c01bbd47fc00a2c39e90264f33305004495a9","hash":"2d8b83048841f0443fc1c31b8221da4e27b4a86a"}
,"D:\\Projects\\namaste-react\\13_Lets_Test_Our_App\\Code\\src\\utils\\appStore.js": {"path":"D:\\Projects\\namaste-react\\13_Lets_Test_Our_App\\Code\\src\\utils\\appStore.js","statementMap":{"0":{"start":{"line":4,"column":17},"end":{"line":8,"column":2}}},"fnMap":{},"branchMap":{},"s":{"0":1},"f":{},"b":{},"_coverageSchema":"1a1c01bbd47fc00a2c39e90264f33305004495a9","hash":"8888f61ee61ea69e0468e0ddb5faeaee7f9caed1"}
,"D:\\Projects\\namaste-react\\13_Lets_Test_Our_App\\Code\\src\\utils\\cartSlice.js": {"path":"D:\\Projects\\namaste-react\\13_Lets_Test_Our_App\\Code\\src\\utils\\cartSlice.js","statementMap":{"0":{"start":{"line":2,"column":0},"end":{"line":2,"column":21}},"1":{"start":{"line":4,"column":18},"end":{"line":23,"column":2}},"2":{"start":{"line":11,"column":6},"end":{"line":11,"column":39}},"3":{"start":{"line":14,"column":6},"end":{"line":14,"column":94}},"4":{"start":{"line":14,"column":58},"end":{"line":14,"column":88}},"5":{"start":{"line":20,"column":6},"end":{"line":20,"column":27}},"6":{"start":{"line":24,"column":50},"end":{"line":24,"column":67}}},"fnMap":{"0":{"name":"(anonymous_0)","decl":{"start":{"line":10,"column":13},"end":{"line":10,"column":14}},"loc":{"start":{"line":10,"column":32},"end":{"line":12,"column":5}},"line":10},"1":{"name":"(anonymous_1)","decl":{"start":{"line":13,"column":16},"end":{"line":13,"column":17}},"loc":{"start":{"line":13,"column":35},"end":{"line":18,"column":5}},"line":13},"2":{"name":"(anonymous_2)","decl":{"start":{"line":14,"column":47},"end":{"line":14,"column":48}},"loc":{"start":{"line":14,"column":58},"end":{"line":14,"column":88}},"line":14},"3":{"name":"(anonymous_3)","decl":{"start":{"line":19,"column":15},"end":{"line":19,"column":16}},"loc":{"start":{"line":19,"column":32},"end":{"line":21,"column":5}},"line":19}},"branchMap":{},"s":{"0":1,"1":1,"2":0,"3":0,"4":0,"5":0,"6":1},"f":{"0":0,"1":0,"2":0,"3":0},"b":{},"_coverageSchema":"1a1c01bbd47fc00a2c39e90264f33305004495a9","hash":"76a990be84a2cf974198ee7d72be44472f28ba52"}
,"D:\\Projects\\namaste-react\\13_Lets_Test_Our_App\\Code\\src\\utils\\constants.js": {"path":"D:\\Projects\\namaste-react\\13_Lets_Test_Our_App\\Code\\src\\utils\\constants.js","statementMap":{"0":{"start":{"line":1,"column":25},"end":{"line":1,"column":72}},"1":{"start":{"line":3,"column":23},"end":{"line":3,"column":128}},"2":{"start":{"line":4,"column":28},"end":{"line":4,"column":129}},"3":{"start":{"line":5,"column":24},"end":{"line":5,"column":135}},"4":{"start":{"line":6,"column":39},"end":{"line":6,"column":171}},"5":{"start":{"line":7,"column":38},"end":{"line":7,"column":175}},"6":{"start":{"line":8,"column":39},"end":{"line":8,"column":156}},"7":{"start":{"line":9,"column":35},"end":{"line":9,"column":95}},"8":{"start":{"line":10,"column":34},"end":{"line":10,"column":96}},"9":{"start":{"line":11,"column":24},"end":{"line":11,"column":90}},"10":{"start":{"line":12,"column":32},"end":{"line":12,"column":46}}},"fnMap":{},"branchMap":{},"s":{"0":1,"1":1,"2":1,"3":1,"4":1,"5":1,"6":1,"7":1,"8":1,"9":1,"10":1},"f":{},"b":{},"_coverageSchema":"1a1c01bbd47fc00a2c39e90264f33305004495a9","hash":"6e475f3c699252fda736c34be6c542ca90ec300d"}
}
