TN:
SF:src\components\Body.js
FN:10,(anonymous_0)
FN:28,(anonymous_1)
FN:37,(anonymous_2)
FN:47,(anonymous_3)
FNF:4
FNH:4
FNDA:7,(anonymous_0)
FNDA:1,(anonymous_1)
FNDA:1,(anonymous_2)
FNDA:61,(anonymous_3)
DA:10,1
DA:11,7
DA:14,6
DA:15,6
DA:16,6
DA:17,2
DA:19,4
DA:29,1
DA:30,1
DA:38,1
DA:39,1
DA:48,61
LF:12
LH:12
BRDA:16,0,0,2
BRDA:16,0,1,4
BRDA:16,1,0,6
BRDA:16,1,1,6
BRDA:49,2,0,31
BRDA:49,2,1,30
BRF:6
BRH:6
end_of_record
TN:
SF:src\components\Cart.js
FN:6,(anonymous_0)
FN:7,(anonymous_1)
FN:11,(anonymous_2)
FN:14,(anonymous_3)
FNF:4
FNH:2
FNDA:1,(anonymous_0)
FNDA:2,(anonymous_1)
FNDA:0,(anonymous_2)
FNDA:0,(anonymous_3)
DA:6,1
DA:7,2
DA:8,1
DA:9,1
DA:12,0
DA:15,0
LF:6
LH:4
BRF:0
BRH:0
end_of_record
TN:
SF:src\components\ContactUs.js
FN:1,(anonymous_0)
FNF:1
FNH:1
FNDA:2,(anonymous_0)
DA:1,1
DA:3,2
LF:2
LH:2
BRF:0
BRH:0
end_of_record
TN:
SF:src\components\Header.js
FN:5,(anonymous_0)
FN:7,(anonymous_1)
FN:34,(anonymous_2)
FNF:3
FNH:3
FNDA:4,(anonymous_0)
FNDA:7,(anonymous_1)
FNDA:1,(anonymous_2)
DA:5,2
DA:6,4
DA:7,7
DA:8,4
DA:36,1
LF:5
LH:5
BRDA:26,0,0,4
BRDA:26,0,1,0
BRDA:36,1,0,1
BRDA:36,1,1,0
BRF:4
BRH:2
end_of_record
TN:
SF:src\components\RestaurantCard.js
FN:2,(anonymous_0)
FN:63,(anonymous_1)
FN:64,(anonymous_2)
FNF:3
FNH:3
FNDA:63,(anonymous_0)
FNDA:6,(anonymous_1)
FNDA:31,(anonymous_2)
DA:2,1
DA:4,63
DA:5,62
DA:7,62
DA:63,1
DA:64,6
DA:65,31
LF:7
LH:7
BRF:0
BRH:0
end_of_record
TN:
SF:src\components\RestaurantCategory.js
FN:5,(anonymous_0)
FN:12,(anonymous_1)
FN:20,(anonymous_2)
FN:36,(anonymous_3)
FNF:4
FNH:0
FNDA:0,(anonymous_0)
FNDA:0,(anonymous_1)
FNDA:0,(anonymous_2)
FNDA:0,(anonymous_3)
DA:5,1
DA:6,0
DA:7,0
DA:8,0
DA:9,0
DA:13,0
DA:21,0
DA:22,0
DA:24,0
DA:37,0
LF:10
LH:1
BRDA:11,0,0,0
BRDA:11,0,1,0
BRDA:21,1,0,0
BRDA:21,1,1,0
BRDA:30,2,0,0
BRDA:30,2,1,0
BRF:6
BRH:0
end_of_record
TN:
SF:src\components\RestaurantList.js
FN:1,(anonymous_0)
FN:3,(anonymous_1)
FN:8,(anonymous_2)
FN:38,(anonymous_3)
FNF:4
FNH:1
FNDA:1,(anonymous_0)
FNDA:0,(anonymous_1)
FNDA:0,(anonymous_2)
FNDA:0,(anonymous_3)
DA:1,1
DA:2,1
DA:3,1
DA:4,1
DA:9,0
DA:39,0
DA:40,0
LF:7
LH:4
BRDA:3,0,0,0
BRDA:3,0,1,1
BRDA:3,1,0,0
BRDA:3,1,1,0
BRDA:7,2,0,1
BRDA:7,2,1,1
BRDA:14,3,0,0
BRDA:14,3,1,0
BRDA:24,4,0,0
BRDA:24,4,1,0
BRDA:40,5,0,0
BRDA:40,5,1,0
BRDA:44,6,0,0
BRDA:44,6,1,0
BRF:14
BRH:3
end_of_record
TN:
SF:src\components\RestaurantMenu.js
FN:13,(anonymous_0)
FN:24,handleChange
FNF:2
FNH:1
FNDA:2,(anonymous_0)
FNDA:0,handleChange
DA:13,1
DA:14,2
DA:15,1
DA:16,1
DA:21,1
DA:22,1
DA:25,0
DA:26,0
DA:28,0
LF:9
LH:6
BRDA:21,0,0,1
BRDA:21,0,1,0
BRDA:34,1,0,0
BRDA:34,1,1,0
BRDA:37,2,0,0
BRDA:37,2,1,0
BRF:6
BRH:1
end_of_record
TN:
SF:src\components\Shimmer.js
FN:1,(anonymous_0)
FN:7,(anonymous_1)
FN:24,(anonymous_2)
FNF:3
FNH:3
FNDA:3,(anonymous_0)
FNDA:7,(anonymous_1)
FNDA:40,(anonymous_2)
DA:1,2
DA:2,3
DA:8,7
DA:25,40
LF:4
LH:4
BRDA:4,0,0,1
BRDA:4,0,1,2
BRF:2
BRH:2
end_of_record
TN:
SF:src\components\sum.js
FN:1,(anonymous_0)
FNF:1
FNH:1
FNDA:1,(anonymous_0)
DA:1,1
DA:2,1
LF:2
LH:2
BRF:0
BRH:0
end_of_record
TN:
SF:src\utils\appStore.js
FNF:0
FNH:0
DA:4,2
LF:1
LH:1
BRF:0
BRH:0
end_of_record
TN:
SF:src\utils\cartSlice.js
FN:10,(anonymous_0)
FN:13,(anonymous_1)
FN:14,(anonymous_2)
FN:19,(anonymous_3)
FNF:4
FNH:0
FNDA:0,(anonymous_0)
FNDA:0,(anonymous_1)
FNDA:0,(anonymous_2)
FNDA:0,(anonymous_3)
DA:2,2
DA:4,2
DA:11,0
DA:14,0
DA:20,0
DA:24,2
LF:6
LH:3
BRF:0
BRH:0
end_of_record
TN:
SF:src\utils\constants.js
FNF:0
FNH:0
DA:1,3
DA:3,3
DA:4,3
DA:5,3
DA:6,3
DA:7,3
DA:8,3
DA:9,3
DA:10,3
DA:11,3
DA:12,3
LF:11
LH:11
BRF:0
BRH:0
end_of_record
TN:
SF:src\utils\useRestrauntList.js
FN:2,(anonymous_0)
FN:7,(anonymous_1)
FN:10,(anonymous_2)
FN:21,(anonymous_3)
FN:23,(anonymous_4)
FN:28,meetsCriteria
FNF:6
FNH:6
FNDA:7,(anonymous_0)
FNDA:2,(anonymous_1)
FNDA:2,(anonymous_2)
FNDA:1,(anonymous_3)
FNDA:20,(anonymous_4)
FNDA:6,meetsCriteria
DA:2,1
DA:3,7
DA:4,7
DA:5,6
DA:7,6
DA:8,2
DA:10,6
DA:11,2
DA:12,2
DA:13,2
DA:15,2
DA:18,2
DA:19,2
DA:21,6
DA:22,1
DA:23,1
DA:24,20
DA:26,1
DA:29,6
DA:33,6
LF:20
LH:20
BRF:0
BRH:0
end_of_record
TN:
SF:src\utils\useRestrauntMenu.js
FN:2,(anonymous_0)
FN:9,(anonymous_1)
FN:12,(anonymous_2)
FN:18,(anonymous_3)
FN:19,(anonymous_4)
FN:20,(anonymous_5)
FN:21,(anonymous_6)
FN:25,(anonymous_7)
FN:26,(anonymous_8)
FN:33,(anonymous_9)
FN:37,(anonymous_10)
FN:38,(anonymous_11)
FNF:12
FNH:3
FNDA:1,(anonymous_0)
FNDA:1,(anonymous_1)
FNDA:1,(anonymous_2)
FNDA:0,(anonymous_3)
FNDA:0,(anonymous_4)
FNDA:0,(anonymous_5)
FNDA:0,(anonymous_6)
FNDA:0,(anonymous_7)
FNDA:0,(anonymous_8)
FNDA:0,(anonymous_9)
FNDA:0,(anonymous_10)
FNDA:0,(anonymous_11)
DA:2,1
DA:7,1
DA:8,1
DA:9,1
DA:10,1
DA:12,1
DA:13,1
DA:14,1
DA:17,0
DA:18,0
DA:19,0
DA:20,0
DA:21,0
DA:24,0
DA:25,0
DA:26,0
DA:27,0
DA:30,0
DA:31,0
DA:33,1
DA:34,0
DA:35,0
DA:36,0
DA:37,0
DA:38,0
DA:39,0
DA:41,0
DA:43,0
DA:45,0
DA:47,1
LF:30
LH:10
BRDA:17,0,0,0
BRDA:17,0,1,0
BRDA:26,1,0,0
BRDA:26,1,1,0
BRDA:36,2,0,0
BRDA:36,2,1,0
BRF:6
BRH:0
end_of_record
